0 info it worked if it ends with ok
1 verbose cli [ '/usr/local/bin/node', '/usr/local/bin/npm', 'start' ]
2 info using npm@3.10.4
3 info using node@v6.2.2
4 verbose run-script [ 'prestart', 'start', 'poststart' ]
5 info lifecycle seed@1.0.0~prestart: seed@1.0.0
6 verbose lifecycle seed@1.0.0~prestart: unsafe-perm in lifecycle true
7 verbose lifecycle seed@1.0.0~prestart: PATH: /usr/local/lib/node_modules/npm/bin/node-gyp-bin:/Users/werdna/FRP-Bowling-Kata/RxJS/node_modules/.bin:/usr/local/bin:/usr/local/heroku/bin:/Users/werdna/.rbenv/shims:~/bin:/usr/local/share/gradle-1.6/bin:/opt/local/bin:/opt/local/sbin:/usr/local/bin:/usr/local/sbin:/usr/local/mysql/bin:/usr/local/bin:/usr/bin:/bin:/usr/sbin:/sbin:/opt/X11/bin:/usr/local/deployd/bin:/usr/texbin:/Applications/Postgres.app/Contents/Versions/9.4/bin:/Users/werdna/yeoman/yeoman-custom/cli/bin:/Users/werdna/.local/bin:/usr/local/opt/go/libexec/bin
8 verbose lifecycle seed@1.0.0~prestart: CWD: /Users/werdna/FRP-Bowling-Kata/RxJS
9 silly lifecycle seed@1.0.0~prestart: Args: [ '-c', 'npm run clean-and-copy' ]
10 silly lifecycle seed@1.0.0~prestart: Returned: code: 0  signal: null
11 info lifecycle seed@1.0.0~start: seed@1.0.0
12 verbose lifecycle seed@1.0.0~start: unsafe-perm in lifecycle true
13 verbose lifecycle seed@1.0.0~start: PATH: /usr/local/lib/node_modules/npm/bin/node-gyp-bin:/Users/werdna/FRP-Bowling-Kata/RxJS/node_modules/.bin:/usr/local/bin:/usr/local/heroku/bin:/Users/werdna/.rbenv/shims:~/bin:/usr/local/share/gradle-1.6/bin:/opt/local/bin:/opt/local/sbin:/usr/local/bin:/usr/local/sbin:/usr/local/mysql/bin:/usr/local/bin:/usr/bin:/bin:/usr/sbin:/sbin:/opt/X11/bin:/usr/local/deployd/bin:/usr/texbin:/Applications/Postgres.app/Contents/Versions/9.4/bin:/Users/werdna/yeoman/yeoman-custom/cli/bin:/Users/werdna/.local/bin:/usr/local/opt/go/libexec/bin
14 verbose lifecycle seed@1.0.0~start: CWD: /Users/werdna/FRP-Bowling-Kata/RxJS
15 silly lifecycle seed@1.0.0~start: Args: [ '-c',
15 silly lifecycle   'webpack-dev-server --env.dev --content-base dist --inline --hot' ]
16 silly lifecycle seed@1.0.0~start: Returned: code: 1  signal: null
17 info lifecycle seed@1.0.0~start: Failed to exec start script
18 verbose stack Error: seed@1.0.0 start: `webpack-dev-server --env.dev --content-base dist --inline --hot`
18 verbose stack Exit status 1
18 verbose stack     at EventEmitter.<anonymous> (/usr/local/lib/node_modules/npm/lib/utils/lifecycle.js:242:16)
18 verbose stack     at emitTwo (events.js:106:13)
18 verbose stack     at EventEmitter.emit (events.js:191:7)
18 verbose stack     at ChildProcess.<anonymous> (/usr/local/lib/node_modules/npm/lib/utils/spawn.js:40:14)
18 verbose stack     at emitTwo (events.js:106:13)
18 verbose stack     at ChildProcess.emit (events.js:191:7)
18 verbose stack     at maybeClose (internal/child_process.js:852:16)
18 verbose stack     at Process.ChildProcess._handle.onexit (internal/child_process.js:215:5)
19 verbose pkgid seed@1.0.0
20 verbose cwd /Users/werdna/FRP-Bowling-Kata/RxJS
21 error Darwin 15.5.0
22 error argv "/usr/local/bin/node" "/usr/local/bin/npm" "start"
23 error node v6.2.2
24 error npm  v3.10.4
25 error code ELIFECYCLE
26 error seed@1.0.0 start: `webpack-dev-server --env.dev --content-base dist --inline --hot`
26 error Exit status 1
27 error Failed at the seed@1.0.0 start script 'webpack-dev-server --env.dev --content-base dist --inline --hot'.
27 error Make sure you have the latest version of node.js and npm installed.
27 error If you do, this is most likely a problem with the seed package,
27 error not with npm itself.
27 error Tell the author that this fails on your system:
27 error     webpack-dev-server --env.dev --content-base dist --inline --hot
27 error You can get information on how to open an issue for this project with:
27 error     npm bugs seed
27 error Or if that isn't available, you can get their info via:
27 error     npm owner ls seed
27 error There is likely additional logging output above.
28 verbose exit [ 1, true ]
